{"/Users/hritamchowdhury/Downloads/Hritam's Personal copy /ReactRepo/src/components/Contact.js": {"path":"/Users/hritamchowdhury/Downloads/Hritam's Personal copy /ReactRepo/src/components/Contact.js","statementMap":{"0":{"start":{"line":3,"column":16},"end":{"line":15,"column":1}},"1":{"start":{"line":4,"column":2},"end":{"line":14,"column":3}}},"fnMap":{"0":{"name":"(anonymous_0)","decl":{"start":{"line":3,"column":16},"end":{"line":3,"column":17}},"loc":{"start":{"line":3,"column":22},"end":{"line":15,"column":1}},"line":3}},"branchMap":{},"s":{"0":1,"1":1},"f":{"0":1},"b":{},"_coverageSchema":"1a1c01bbd47fc00a2c39e90264f33305004495a9","hash":"cfc2e2c1685067adcee3b32a5109afc2eac0849f"}
}
