TN:
SF:src/components/Contact.js
FN:3,(anonymous_0)
FNF:1
FNH:1
FNDA:4,(anonymous_0)
DA:3,1
DA:4,4
LF:2
LH:2
BRF:0
BRH:0
end_of_record
TN:
SF:src/components/Header.js
FN:20,(anonymous_0)
FN:32,(anonymous_1)
FN:37,(anonymous_2)
FNF:3
FNH:3
FNDA:2,(anonymous_0)
FNDA:2,(anonymous_1)
FNDA:4,(anonymous_2)
DA:20,1
DA:22,2
DA:23,2
DA:26,2
DA:28,2
DA:32,2
DA:33,2
DA:35,2
DA:37,4
DA:38,2
DA:39,2
LF:11
LH:11
BRDA:46,0,0,2
BRDA:46,0,1,0
BRF:2
BRH:1
end_of_record
TN:
SF:src/utils/UserContext.js
FNF:0
FNH:0
DA:5,1
LF:1
LH:1
BRF:0
BRH:0
end_of_record
TN:
SF:src/utils/appStore.js
FNF:0
FNH:0
DA:4,1
LF:1
LH:1
BRF:0
BRH:0
end_of_record
TN:
SF:src/utils/cartSlice.js
FN:13,(anonymous_0)
FN:16,(anonymous_1)
FN:19,(anonymous_2)
FNF:3
FNH:0
FNDA:0,(anonymous_0)
FNDA:0,(anonymous_1)
FNDA:0,(anonymous_2)
DA:6,1
DA:14,0
DA:17,0
DA:20,0
DA:25,1
LF:5
LH:2
BRF:0
BRH:0
end_of_record
TN:
SF:src/utils/constants.js
FNF:0
FNH:0
DA:4,1
DA:6,1
DA:8,1
LF:3
LH:3
BRF:0
BRH:0
end_of_record
TN:
SF:src/utils/useOnlineStatus.js
FN:3,(anonymous_0)
FN:8,(anonymous_1)
FN:10,(anonymous_2)
FN:15,(anonymous_3)
FNF:4
FNH:2
FNDA:2,(anonymous_0)
FNDA:2,(anonymous_1)
FNDA:0,(anonymous_2)
FNDA:0,(anonymous_3)
DA:3,1
DA:5,2
DA:8,2
DA:10,2
DA:11,0
DA:12,0
DA:15,2
DA:16,0
DA:21,2
LF:9
LH:6
BRF:0
BRH:0
end_of_record
